d:\zen\independent study\harris3dsrouce\dvs\harris3dsrouce.dir\debug\vc140.pdb
d:\zen\independent study\harris3dsrouce\dvs\harris3dsrouce.dir\debug\vertex.obj
d:\zen\independent study\harris3dsrouce\dvs\harris3dsrouce.dir\debug\util.obj
d:\zen\independent study\harris3dsrouce\dvs\harris3dsrouce.dir\debug\properties.obj
d:\zen\independent study\harris3dsrouce\dvs\harris3dsrouce.dir\debug\mesh.obj
d:\zen\independent study\harris3dsrouce\dvs\harris3dsrouce.dir\debug\main.obj
d:\zen\independent study\harris3dsrouce\dvs\harris3dsrouce.dir\debug\harrisdetector.obj
d:\zen\independent study\harris3dsrouce\dvs\cmakefiles\generate.stamp
d:\zen\independent study\harris3dsrouce\dvs\debug\harris3dsrouce.pdb
d:\zen\independent study\harris3dsrouce\dvs\harris3dsrouce.dir\debug\harris3dsrouce.tlog\cl.command.1.tlog
d:\zen\independent study\harris3dsrouce\dvs\harris3dsrouce.dir\debug\harris3dsrouce.tlog\cl.read.1.tlog
d:\zen\independent study\harris3dsrouce\dvs\harris3dsrouce.dir\debug\harris3dsrouce.tlog\cl.write.1.tlog
d:\zen\independent study\harris3dsrouce\dvs\harris3dsrouce.dir\debug\harris3dsrouce.tlog\custombuild.command.1.tlog
d:\zen\independent study\harris3dsrouce\dvs\harris3dsrouce.dir\debug\harris3dsrouce.tlog\custombuild.read.1.tlog
d:\zen\independent study\harris3dsrouce\dvs\harris3dsrouce.dir\debug\harris3dsrouce.tlog\custombuild.write.1.tlog
d:\zen\independent study\harris3dsrouce\dvs\harris3dsrouce.dir\debug\harris3dsrouce.tlog\link-cvtres.read.1.tlog
d:\zen\independent study\harris3dsrouce\dvs\harris3dsrouce.dir\debug\harris3dsrouce.tlog\link-cvtres.write.1.tlog
d:\zen\independent study\harris3dsrouce\dvs\harris3dsrouce.dir\debug\harris3dsrouce.tlog\link-rc.read.1.tlog
d:\zen\independent study\harris3dsrouce\dvs\harris3dsrouce.dir\debug\harris3dsrouce.tlog\link-rc.write.1.tlog
d:\zen\independent study\harris3dsrouce\dvs\harris3dsrouce.dir\debug\harris3dsrouce.tlog\link.command.1.tlog
d:\zen\independent study\harris3dsrouce\dvs\harris3dsrouce.dir\debug\harris3dsrouce.tlog\link.read.1.tlog
d:\zen\independent study\harris3dsrouce\dvs\harris3dsrouce.dir\debug\harris3dsrouce.tlog\link.write.1.tlog
